2019-08-10 20:39:50,144:dish:DEBUG:Created - Dish 1
2019-08-10 20:39:50,144:dish:DEBUG:Created - Dish 2
2019-08-10 20:40:12,121:dish:ERROR:
Traceback (most recent call last):
  File "/Users/michaelwalker/Desktop/mealplan/dish.py", line 18, in __init__
    raise ValueError
ValueError
2019-08-10 20:40:12,121:dish:DEBUG:Created - Dish 2
2019-08-10 20:49:10,819:dish:ERROR:
Traceback (most recent call last):
  File "/Users/michaelwalker/Desktop/mealplan/dish.py", line 18, in __init__
    raise ValueError
ValueError
2019-08-10 20:49:10,820:dish:DEBUG:Created - Dish 2
2019-08-10 20:49:34,350:dish:ERROR:
Traceback (most recent call last):
  File "/Users/michaelwalker/Desktop/mealplan/dish.py", line 18, in __init__
    raise ValueError
ValueError
2019-08-10 20:49:34,351:dish:DEBUG:Created - Dish 2
2019-08-10 20:49:53,952:dish:ERROR:
Traceback (most recent call last):
  File "/Users/michaelwalker/Desktop/mealplan/dish.py", line 18, in __init__
    raise ValueError
ValueError
2019-08-10 20:49:53,954:dish:DEBUG:Created - Dish 2
2019-08-10 20:50:07,592:dish:ERROR:
Traceback (most recent call last):
  File "/Users/michaelwalker/Desktop/mealplan/dish.py", line 18, in __init__
    raise ValueError
ValueError
2019-08-10 20:50:07,594:dish:DEBUG:Created - Dish 2
2019-08-10 20:50:25,241:dish:ERROR:
Traceback (most recent call last):
  File "/Users/michaelwalker/Desktop/mealplan/dish.py", line 18, in __init__
    raise ValueError
ValueError
2019-08-10 20:50:25,241:dish:DEBUG:Created - Dish 2
2019-08-10 20:55:15,506:dish:ERROR:
Traceback (most recent call last):
  File "/Users/michaelwalker/Desktop/mealplan/dish.py", line 18, in __init__
    raise ValueError
ValueError
2019-08-10 20:55:15,506:dish:DEBUG:Created - Dish 2
2019-08-10 21:02:47,450:dish:DEBUG:Created - 
2019-08-10 21:02:47,450:dish:DEBUG:Created - Dish 2
2019-08-10 21:03:30,803:dish:DEBUG:Created - 
2019-08-10 21:03:30,803:dish:DEBUG:Created - Dish 2
2019-08-10 21:04:01,452:dish:DEBUG:Created - Dish 1
2019-08-10 21:04:01,452:dish:DEBUG:Created - Dish 2
2019-08-10 21:05:59,713:dish:DEBUG:Created - Dish 1
2019-08-10 21:05:59,714:dish:DEBUG:Created - Dish 2
