INFO:root:Ingredient Created
INFO:root:Ingredient Created
INFO:root:Ingredient Created
INFO:root:Ingredient Created
INFO:root:Ingredient Created: green pepper
INFO:root:Ingredient Created: banana
INFO:root:Ingredient Created: strawberry
INFO:root:Ingredient Created: spinach
2019-08-10 17:20:04,121:Ingredient Created: green pepper
2019-08-10 17:20:04,121:Ingredient Created: banana
2019-08-10 17:20:04,121:Ingredient Created: strawberry
2019-08-10 17:20:04,121:Ingredient Created: spinach
2019-08-10 17:20:43,354:INFO:Ingredient Created: green pepper
2019-08-10 17:20:43,354:INFO:Ingredient Created: banana
2019-08-10 17:20:43,354:INFO:Ingredient Created: strawberry
2019-08-10 17:20:43,355:INFO:Ingredient Created: spinach
2019-08-10 17:31:35,668:INFO:Ingredient Created: green pepper
2019-08-10 17:31:35,668:INFO:Ingredient Created: banana
2019-08-10 17:31:35,668:INFO:Ingredient Created: strawberry
2019-08-10 17:31:35,668:INFO:Ingredient Created: spinach
2019-08-10 17:33:05,804:ingredient:INFO:Ingredient Created: green pepper
2019-08-10 17:33:05,805:ingredient:INFO:Ingredient Created: banana
2019-08-10 17:33:05,805:ingredient:INFO:Ingredient Created: strawberry
2019-08-10 17:33:05,805:ingredient:INFO:Ingredient Created: spinach
2019-08-10 18:57:16,907:ingredient:ERROR:Invalid type
Traceback (most recent call last):
  File "/Library/Frameworks/Python.framework/Versions/2.7/lib/python2.7/idlelib/run.py", line 111, in main
    seq, request = rpc.request_queue.get(block=True, timeout=0.05)
  File "/Library/Frameworks/Python.framework/Versions/2.7/lib/python2.7/Queue.py", line 176, in get
    raise Empty
Empty
2019-08-10 19:01:20,868:ingredient:ERROR:Invalid
Traceback (most recent call last):
  File "/Users/michaelwalker/Desktop/mealplan/ingredient.py", line 33, in __init__
    raise ValueError
ValueError
2019-08-10 19:01:20,969:ingredient:INFO:Ingredient Created: 1
2019-08-10 19:01:20,970:ingredient:INFO:Ingredient Created: banana
2019-08-10 19:01:20,970:ingredient:INFO:Ingredient Created: strawberry
2019-08-10 19:01:20,970:ingredient:INFO:Ingredient Created: spinach
2019-08-10 19:01:27,472:ingredient:ERROR:Invalid
Traceback (most recent call last):
  File "/Users/michaelwalker/Desktop/mealplan/ingredient.py", line 33, in __init__
    raise ValueError
ValueError
2019-08-10 19:01:27,570:ingredient:INFO:Ingredient Created: 1
2019-08-10 19:01:27,570:ingredient:INFO:Ingredient Created: banana
2019-08-10 19:01:27,570:ingredient:INFO:Ingredient Created: strawberry
2019-08-10 19:01:27,570:ingredient:INFO:Ingredient Created: spinach
2019-08-10 19:06:15,105:ingredient:ERROR:Invalid
Traceback (most recent call last):
  File "/Users/michaelwalker/Desktop/mealplan/ingredient.py", line 33, in __init__
    raise ValueError
ValueError
2019-08-10 19:06:15,198:ingredient:INFO:Ingredient Created: banana
2019-08-10 19:06:15,198:ingredient:INFO:Ingredient Created: strawberry
2019-08-10 19:06:15,198:ingredient:INFO:Ingredient Created: spinach
2019-08-10 19:08:45,795:ingredient:ERROR:Invalid
Traceback (most recent call last):
  File "/Users/michaelwalker/Desktop/mealplan/ingredient.py", line 33, in __init__
    raise ValueError
ValueError
2019-08-10 19:08:45,996:ingredient:INFO:Ingredient Created: banana
2019-08-10 19:08:45,997:ingredient:INFO:Ingredient Created: strawberry
2019-08-10 19:08:45,998:ingredient:INFO:Ingredient Created: spinach
2019-08-10 19:09:33,820:ingredient:ERROR:Invalid
Traceback (most recent call last):
  File "/Users/michaelwalker/Desktop/mealplan/ingredient.py", line 35, in __init__
    raise ValueError
ValueError
2019-08-10 19:09:33,984:ingredient:INFO:Ingredient Created: banana
2019-08-10 19:09:33,984:ingredient:INFO:Ingredient Created: strawberry
2019-08-10 19:09:33,985:ingredient:INFO:Ingredient Created: spinach
2019-08-10 19:36:23,236:ingredient:INFO:Ingredient Created: green pepper
2019-08-10 19:36:23,237:ingredient:INFO:Ingredient Created: green apple
2019-08-10 19:37:13,478:ingredient:INFO:Ingredient Created: green pepper
2019-08-10 19:37:13,478:ingredient:INFO:Ingredient Created: green apple
2019-08-10 19:37:19,654:ingredient:INFO:Ingredient Created: green pepper
2019-08-10 19:37:19,655:ingredient:INFO:Ingredient Created: green apple
2019-08-10 19:42:27,565:ingredient:INFO:Ingredient Created: green pepper
2019-08-10 19:42:27,566:ingredient:INFO:Ingredient Created: green apple
2019-08-10 19:42:27,566:ingredient:INFO:Ingredient Created: peanuts
2019-08-10 19:42:27,566:ingredient:INFO:Ingredient Created: bread
2019-08-10 19:42:27,567:ingredient:INFO:Ingredient Created: pinto beans
2019-08-10 19:42:27,567:ingredient:INFO:Ingredient Created: steak
2019-08-10 19:42:27,567:ingredient:INFO:Ingredient Created: salmon
2019-08-10 19:42:27,567:ingredient:INFO:Ingredient Created: milk
2019-08-10 19:42:27,567:ingredient:INFO:Ingredient Created: oregano
2019-08-10 19:42:27,619:ingredient:INFO:Ingredient Created: green pepper
2019-08-10 19:42:27,619:ingredient:INFO:Ingredient Created: green apple
2019-08-10 19:42:27,619:ingredient:INFO:Ingredient Created: peanuts
2019-08-10 19:42:27,619:ingredient:INFO:Ingredient Created: bread
2019-08-10 19:42:27,619:ingredient:INFO:Ingredient Created: pinto beans
2019-08-10 19:42:27,619:ingredient:INFO:Ingredient Created: steak
2019-08-10 19:42:27,619:ingredient:INFO:Ingredient Created: salmon
2019-08-10 19:42:27,619:ingredient:INFO:Ingredient Created: milk
2019-08-10 19:42:27,620:ingredient:INFO:Ingredient Created: oregano
2019-08-10 19:43:28,715:ingredient:INFO:Ingredient Created: green pepper
2019-08-10 19:43:28,717:ingredient:INFO:Ingredient Created: green apple
2019-08-10 19:43:28,717:ingredient:INFO:Ingredient Created: peanuts
2019-08-10 19:43:28,717:ingredient:INFO:Ingredient Created: bread
2019-08-10 19:43:28,717:ingredient:INFO:Ingredient Created: pinto beans
2019-08-10 19:43:28,718:ingredient:INFO:Ingredient Created: steak
2019-08-10 19:43:28,718:ingredient:INFO:Ingredient Created: salmon
2019-08-10 19:43:28,718:ingredient:INFO:Ingredient Created: milk
2019-08-10 19:43:28,718:ingredient:INFO:Ingredient Created: oregano
2019-08-10 19:43:28,768:ingredient:INFO:Ingredient Created: green pepper
2019-08-10 19:43:28,768:ingredient:INFO:Ingredient Created: green apple
2019-08-10 19:43:28,768:ingredient:INFO:Ingredient Created: peanuts
2019-08-10 19:43:28,768:ingredient:INFO:Ingredient Created: bread
2019-08-10 19:43:28,769:ingredient:INFO:Ingredient Created: pinto beans
2019-08-10 19:43:28,769:ingredient:INFO:Ingredient Created: steak
2019-08-10 19:43:28,769:ingredient:INFO:Ingredient Created: salmon
2019-08-10 19:43:28,769:ingredient:INFO:Ingredient Created: milk
2019-08-10 19:43:28,769:ingredient:INFO:Ingredient Created: oregano
2019-08-10 19:43:59,090:ingredient:INFO:Ingredient Created: green pepper
2019-08-10 19:43:59,091:ingredient:INFO:Ingredient Created: green apple
2019-08-10 19:43:59,092:ingredient:INFO:Ingredient Created: peanuts
2019-08-10 19:43:59,092:ingredient:INFO:Ingredient Created: bread
2019-08-10 19:43:59,092:ingredient:INFO:Ingredient Created: pinto beans
2019-08-10 19:43:59,092:ingredient:INFO:Ingredient Created: steak
2019-08-10 19:43:59,092:ingredient:INFO:Ingredient Created: salmon
2019-08-10 19:43:59,092:ingredient:INFO:Ingredient Created: milk
2019-08-10 19:43:59,092:ingredient:INFO:Ingredient Created: oregano
2019-08-10 19:43:59,134:ingredient:INFO:Ingredient Created: green pepper
2019-08-10 19:43:59,135:ingredient:INFO:Ingredient Created: green apple
2019-08-10 19:43:59,135:ingredient:INFO:Ingredient Created: peanuts
2019-08-10 19:43:59,135:ingredient:INFO:Ingredient Created: bread
2019-08-10 19:43:59,135:ingredient:INFO:Ingredient Created: pinto beans
2019-08-10 19:43:59,135:ingredient:INFO:Ingredient Created: steak
2019-08-10 19:43:59,136:ingredient:INFO:Ingredient Created: salmon
2019-08-10 19:43:59,136:ingredient:INFO:Ingredient Created: milk
2019-08-10 19:43:59,136:ingredient:INFO:Ingredient Created: oregano
2019-08-10 19:44:28,949:ingredient:INFO:Ingredient Created: green pepper
2019-08-10 19:44:28,949:ingredient:INFO:Ingredient Created: green apple
2019-08-10 19:44:28,949:ingredient:INFO:Ingredient Created: peanuts
2019-08-10 19:44:28,950:ingredient:INFO:Ingredient Created: bread
2019-08-10 19:44:28,950:ingredient:INFO:Ingredient Created: pinto beans
2019-08-10 19:44:28,950:ingredient:INFO:Ingredient Created: steak
2019-08-10 19:44:28,950:ingredient:INFO:Ingredient Created: salmon
2019-08-10 19:44:28,950:ingredient:INFO:Ingredient Created: milk
2019-08-10 19:44:28,950:ingredient:INFO:Ingredient Created: oregano
2019-08-10 19:44:29,006:ingredient:INFO:Ingredient Created: green pepper
2019-08-10 19:44:29,006:ingredient:INFO:Ingredient Created: green apple
2019-08-10 19:44:29,006:ingredient:INFO:Ingredient Created: peanuts
2019-08-10 19:44:29,007:ingredient:INFO:Ingredient Created: bread
2019-08-10 19:44:29,007:ingredient:INFO:Ingredient Created: pinto beans
2019-08-10 19:44:29,007:ingredient:INFO:Ingredient Created: steak
2019-08-10 19:44:29,007:ingredient:INFO:Ingredient Created: salmon
2019-08-10 19:44:29,007:ingredient:INFO:Ingredient Created: milk
2019-08-10 19:44:29,007:ingredient:INFO:Ingredient Created: oregano
